running egg_info
creating ../../build/number_game/number_game.egg-info
writing ../../build/number_game/number_game.egg-info/PKG-INFO
writing dependency_links to ../../build/number_game/number_game.egg-info/dependency_links.txt
writing entry points to ../../build/number_game/number_game.egg-info/entry_points.txt
writing requirements to ../../build/number_game/number_game.egg-info/requires.txt
writing top-level names to ../../build/number_game/number_game.egg-info/top_level.txt
writing manifest file '../../build/number_game/number_game.egg-info/SOURCES.txt'
reading manifest file '../../build/number_game/number_game.egg-info/SOURCES.txt'
writing manifest file '../../build/number_game/number_game.egg-info/SOURCES.txt'
running build
running build_py
creating /home/kim/ros2_ws/build/number_game/build
creating /home/kim/ros2_ws/build/number_game/build/lib
creating /home/kim/ros2_ws/build/number_game/build/lib/number_game
copying number_game/random_number_publisher.py -> /home/kim/ros2_ws/build/number_game/build/lib/number_game
copying number_game/__init__.py -> /home/kim/ros2_ws/build/number_game/build/lib/number_game
copying number_game/number_guessing_agent.py -> /home/kim/ros2_ws/build/number_game/build/lib/number_game
running install
running install_lib
creating /home/kim/ros2_ws/install/number_game/lib/python3.10/site-packages/number_game
copying /home/kim/ros2_ws/build/number_game/build/lib/number_game/random_number_publisher.py -> /home/kim/ros2_ws/install/number_game/lib/python3.10/site-packages/number_game
copying /home/kim/ros2_ws/build/number_game/build/lib/number_game/__init__.py -> /home/kim/ros2_ws/install/number_game/lib/python3.10/site-packages/number_game
copying /home/kim/ros2_ws/build/number_game/build/lib/number_game/number_guessing_agent.py -> /home/kim/ros2_ws/install/number_game/lib/python3.10/site-packages/number_game
byte-compiling /home/kim/ros2_ws/install/number_game/lib/python3.10/site-packages/number_game/random_number_publisher.py to random_number_publisher.cpython-310.pyc
byte-compiling /home/kim/ros2_ws/install/number_game/lib/python3.10/site-packages/number_game/__init__.py to __init__.cpython-310.pyc
byte-compiling /home/kim/ros2_ws/install/number_game/lib/python3.10/site-packages/number_game/number_guessing_agent.py to number_guessing_agent.cpython-310.pyc
running install_data
creating /home/kim/ros2_ws/install/number_game/share/ament_index
creating /home/kim/ros2_ws/install/number_game/share/ament_index/resource_index
creating /home/kim/ros2_ws/install/number_game/share/ament_index/resource_index/packages
copying resource/number_game -> /home/kim/ros2_ws/install/number_game/share/ament_index/resource_index/packages
copying package.xml -> /home/kim/ros2_ws/install/number_game/share/number_game
running install_egg_info
Copying ../../build/number_game/number_game.egg-info to /home/kim/ros2_ws/install/number_game/lib/python3.10/site-packages/number_game-0.1.0-py3.10.egg-info
running install_scripts
Installing number_guessing_agent script to /home/kim/ros2_ws/install/number_game/lib/number_game
Installing random_number_publisher script to /home/kim/ros2_ws/install/number_game/lib/number_game
writing list of installed files to '/home/kim/ros2_ws/build/number_game/install.log'
