/home/kim/ros2_ws/install/number_game/lib/python3.10/site-packages/number_game/random_number_publisher.py
/home/kim/ros2_ws/install/number_game/lib/python3.10/site-packages/number_game/__init__.py
/home/kim/ros2_ws/install/number_game/lib/python3.10/site-packages/number_game/answer_checker.py
/home/kim/ros2_ws/install/number_game/lib/python3.10/site-packages/number_game/number_guessing_agent.py
/home/kim/ros2_ws/install/number_game/lib/python3.10/site-packages/number_game/__pycache__/random_number_publisher.cpython-310.pyc
/home/kim/ros2_ws/install/number_game/lib/python3.10/site-packages/number_game/__pycache__/__init__.cpython-310.pyc
/home/kim/ros2_ws/install/number_game/lib/python3.10/site-packages/number_game/__pycache__/answer_checker.cpython-310.pyc
/home/kim/ros2_ws/install/number_game/lib/python3.10/site-packages/number_game/__pycache__/number_guessing_agent.cpython-310.pyc
/home/kim/ros2_ws/install/number_game/share/ament_index/resource_index/packages/number_game
/home/kim/ros2_ws/install/number_game/share/number_game/package.xml
/home/kim/ros2_ws/install/number_game/lib/python3.10/site-packages/number_game-0.1.0-py3.10.egg-info/SOURCES.txt
/home/kim/ros2_ws/install/number_game/lib/python3.10/site-packages/number_game-0.1.0-py3.10.egg-info/entry_points.txt
/home/kim/ros2_ws/install/number_game/lib/python3.10/site-packages/number_game-0.1.0-py3.10.egg-info/top_level.txt
/home/kim/ros2_ws/install/number_game/lib/python3.10/site-packages/number_game-0.1.0-py3.10.egg-info/requires.txt
/home/kim/ros2_ws/install/number_game/lib/python3.10/site-packages/number_game-0.1.0-py3.10.egg-info/zip-safe
/home/kim/ros2_ws/install/number_game/lib/python3.10/site-packages/number_game-0.1.0-py3.10.egg-info/PKG-INFO
/home/kim/ros2_ws/install/number_game/lib/python3.10/site-packages/number_game-0.1.0-py3.10.egg-info/dependency_links.txt
/home/kim/ros2_ws/install/number_game/lib/number_game/answer_checker
/home/kim/ros2_ws/install/number_game/lib/number_game/number_guessing_agent
/home/kim/ros2_ws/install/number_game/lib/number_game/random_number_publisher
